<?xml version="1.0" encoding="UTF-8"?>
<robot generator="Robot 5.0.1 (Python 3.10.6 on win32)" generated="20220816 11:57:23.897" rpa="false" schemaversion="3">
<suite id="s1" name="aoCubo" source="C:\Users\Guilherme\Desktop\aoCubo">
<suite id="s1-s1" name="Tests" source="C:\Users\Guilherme\Desktop\aoCubo\tests">
<suite id="s1-s1-s1" name="ConsultaAoCubo" source="C:\Users\Guilherme\Desktop\aoCubo\tests\ConsultaAoCubo.robot">
<kw name="Start Session" library="Base" type="SETUP">
<kw name="New Browser" library="Browser">
<arg>firefox</arg>
<arg>headless=false</arg>
<tag>BrowserControl</tag>
<tag>Setter</tag>
<doc>Create a new playwright Browser with specified options.</doc>
<msg timestamp="20220816 11:57:25.321" level="INFO">{"browser": "firefox", "headless": false, "handleSIGINT": true, "handleSIGTERM": true, "handleSIGHUP": true, "timeout": 30000.0, "devtools": false, "slowMo": 0.0, "tracesDir": "C:\\Users\\Guilherme\\Desktop\\aoCubo\\results\\browser\\traces\\735652ba-8635-4ad0-ad80-1fd001c485af"}</msg>
<msg timestamp="20220816 11:57:26.833" level="INFO">Successfully created browser with options: {"browser":"firefox","headless":false,"handleSIGINT":true,"handleSIGTERM":true,"handleSIGHUP":true,"timeout":30000,"devtools":false,"slowMo":0,"tracesDir":"C:\\Users\\Guilherme\\Desktop\\aoCubo\\results\\browser\\traces\\735652ba-8635-4ad0-ad80-1fd001c485af"}</msg>
<status status="PASS" starttime="20220816 11:57:25.320" endtime="20220816 11:57:26.836"/>
</kw>
<kw name="New Context" library="Browser">
<arg>ignoreHTTPSErrors=true</arg>
<arg>viewport={'width':1540, 'height': 1050}</arg>
<tag>BrowserControl</tag>
<tag>Setter</tag>
<doc>Create a new BrowserContext with specified options.</doc>
<msg timestamp="20220816 11:57:26.838" level="INFO">{"acceptDownloads": true, "ignoreHTTPSErrors": true, "bypassCSP": false, "viewport": {"width": 1540, "height": 1050}, "deviceScaleFactor": 1.0, "isMobile": false, "hasTouch": false, "javaScriptEnabled": true, "offline": false, "hideRfBrowser": false, "reducedMotion": "no-preference", "forcedColors": "none"}</msg>
<msg timestamp="20220816 11:57:26.954" level="INFO">Successfully created context. </msg>
<msg timestamp="20220816 11:57:26.956" level="INFO">{'acceptDownloads': True, 'ignoreHTTPSErrors': True, 'bypassCSP': False, 'viewport': {'width': 1540, 'height': 1050}, 'deviceScaleFactor': 1, 'isMobile': False, 'hasTouch': False, 'javaScriptEnabled': True, 'offline': False, 'hideRfBrowser': False, 'reducedMotion': 'no-preference', 'forcedColors': 'none'}</msg>
<status status="PASS" starttime="20220816 11:57:26.836" endtime="20220816 11:57:26.958"/>
</kw>
<kw name="New Page" library="Browser">
<arg>${url}</arg>
<tag>BrowserControl</tag>
<tag>Setter</tag>
<doc>Open a new Page.</doc>
<msg timestamp="20220816 11:57:31.292" level="INFO">Successfully initialized new page object and opened url: https://portal.dev.cloud.aocubo.com/login</msg>
<status status="PASS" starttime="20220816 11:57:26.960" endtime="20220816 11:57:31.295"/>
</kw>
<status status="PASS" starttime="20220816 11:57:25.319" endtime="20220816 11:57:31.297"/>
</kw>
<test id="s1-s1-s1-t1" name="User Login" line="12">
<kw name="Login With" library="Login">
<arg>vsantos.lvieira@gmail.com</arg>
<arg>Lopo@2812</arg>
<kw name="Type Text" library="Browser">
<arg>${txtEmail}</arg>
<arg>${email}</arg>
<tag>PageContent</tag>
<tag>Setter</tag>
<doc>Types the given ``txt`` into the text field found by ``selector``.</doc>
<msg timestamp="20220816 11:57:31.568" level="INFO">Types the text 'vsantos.lvieira@gmail.com' in the given field.</msg>
<status status="PASS" starttime="20220816 11:57:31.567" endtime="20220816 11:57:32.339"/>
</kw>
<kw name="Type Text" library="Browser">
<arg>${txtSenha}</arg>
<arg>${pass}</arg>
<tag>PageContent</tag>
<tag>Setter</tag>
<doc>Types the given ``txt`` into the text field found by ``selector``.</doc>
<msg timestamp="20220816 11:57:32.341" level="INFO">Types the text 'Lopo@2812' in the given field.</msg>
<status status="PASS" starttime="20220816 11:57:32.340" endtime="20220816 11:57:32.508"/>
</kw>
<kw name="Click" library="Browser">
<arg>${btnEntrar}</arg>
<tag>PageContent</tag>
<tag>Setter</tag>
<doc>Simulates mouse click on the element found by ``selector``.</doc>
<status status="PASS" starttime="20220816 11:57:32.508" endtime="20220816 11:57:32.735"/>
</kw>
<status status="PASS" starttime="20220816 11:57:31.565" endtime="20220816 11:57:32.736"/>
</kw>
<kw name="Take Screenshot And Continuos Sucess" library="Login" type="TEARDOWN">
<kw name="Wait For Elements State" library="Browser">
<arg>${bntLoginSucess} &gt;&gt; text=Perfil</arg>
<arg>visible</arg>
<arg>5</arg>
<tag>PageContent</tag>
<tag>Wait</tag>
<doc>Waits for the element found by ``selector`` to satisfy state option.</doc>
<msg timestamp="20220816 11:57:35.265" level="INFO">Waited for Element with selector xpath=//div[@class="styles__UserSettings-sc-1sbqjsh-16 bQvsPG"] &gt;&gt; text=Perfil at state visible</msg>
<status status="PASS" starttime="20220816 11:57:32.738" endtime="20220816 11:57:35.275"/>
</kw>
<kw name="Take Screenshot" library="Browser">
<tag>PageContent</tag>
<doc>Takes a screenshot of the current window or element and saves it to disk.</doc>
<msg timestamp="20220816 11:57:35.743" level="INFO" html="true">&lt;/td&gt;&lt;/tr&gt;&lt;tr&gt;&lt;td colspan="3"&gt;&lt;a href="browser/screenshot/robotframework-browser-screenshot-1.png"&gt;&lt;img src="browser/screenshot/robotframework-browser-screenshot-1.png" width="800px"&gt;&lt;/a&gt;</msg>
<status status="PASS" starttime="20220816 11:57:35.278" endtime="20220816 11:57:35.748"/>
</kw>
<status status="PASS" starttime="20220816 11:57:32.737" endtime="20220816 11:57:35.748"/>
</kw>
<status status="PASS" starttime="20220816 11:57:31.298" endtime="20220816 11:57:35.750"/>
</test>
<test id="s1-s1-s1-t2" name="Filter Name" line="16">
<kw name="Filter name: Imóvel teste automatizado robot" library="Filters">
<kw name="Click" library="Browser">
<arg>${btnImoveis}</arg>
<tag>PageContent</tag>
<tag>Setter</tag>
<doc>Simulates mouse click on the element found by ``selector``.</doc>
<status status="PASS" starttime="20220816 11:57:35.974" endtime="20220816 11:57:37.701"/>
</kw>
<kw name="Type Text" library="Browser">
<arg>${txtPesquisa}</arg>
<arg>Imóvel teste automatizado robot</arg>
<tag>PageContent</tag>
<tag>Setter</tag>
<doc>Types the given ``txt`` into the text field found by ``selector``.</doc>
<msg timestamp="20220816 11:57:37.702" level="INFO">Types the text 'Imóvel teste automatizado robot' in the given field.</msg>
<status status="PASS" starttime="20220816 11:57:37.701" endtime="20220816 11:57:43.766"/>
</kw>
<kw name="Click" library="Browser">
<arg>${btnBuscar}</arg>
<tag>PageContent</tag>
<tag>Setter</tag>
<doc>Simulates mouse click on the element found by ``selector``.</doc>
<status status="PASS" starttime="20220816 11:57:43.767" endtime="20220816 11:57:44.110"/>
</kw>
<kw name="Clear Text" library="Browser">
<arg>${txtPesquisa}</arg>
<tag>PageContent</tag>
<tag>Setter</tag>
<doc>Clears the text field found by ``selector``.</doc>
<status status="PASS" starttime="20220816 11:57:44.110" endtime="20220816 11:57:44.292"/>
</kw>
<status status="PASS" starttime="20220816 11:57:35.972" endtime="20220816 11:57:44.293"/>
</kw>
<kw name="Take Screenshot And Continuos Filters" library="Filters" type="TEARDOWN">
<kw name="Wait For Elements State" library="Browser">
<arg>${btnPesqSucess} &gt;&gt; text=Imóvel teste automatizado robot</arg>
<arg>visible</arg>
<arg>5</arg>
<tag>PageContent</tag>
<tag>Wait</tag>
<doc>Waits for the element found by ``selector`` to satisfy state option.</doc>
<msg timestamp="20220816 11:57:44.765" level="INFO">Waited for Element with selector xpath=//h3[@class="styles__TitleItem-sc-1hg4id7-11 kQrABm"] &gt;&gt; text=Imóvel teste automatizado robot at state visible</msg>
<status status="PASS" starttime="20220816 11:57:44.295" endtime="20220816 11:57:44.767"/>
</kw>
<kw name="Take Screenshot" library="Browser">
<tag>PageContent</tag>
<doc>Takes a screenshot of the current window or element and saves it to disk.</doc>
<msg timestamp="20220816 11:57:44.975" level="INFO" html="true">&lt;/td&gt;&lt;/tr&gt;&lt;tr&gt;&lt;td colspan="3"&gt;&lt;a href="browser/screenshot/robotframework-browser-screenshot-2.png"&gt;&lt;img src="browser/screenshot/robotframework-browser-screenshot-2.png" width="800px"&gt;&lt;/a&gt;</msg>
<status status="PASS" starttime="20220816 11:57:44.768" endtime="20220816 11:57:44.978"/>
</kw>
<status status="PASS" starttime="20220816 11:57:44.293" endtime="20220816 11:57:44.979"/>
</kw>
<status status="PASS" starttime="20220816 11:57:35.871" endtime="20220816 11:57:44.980"/>
</test>
<test id="s1-s1-s1-t3" name="Filter Incorporation" line="22">
<kw name="Filter incorporation: BKO" library="Filters">
<kw name="Click" library="Browser">
<arg>${btnIncorporation}</arg>
<tag>PageContent</tag>
<tag>Setter</tag>
<doc>Simulates mouse click on the element found by ``selector``.</doc>
<status status="PASS" starttime="20220816 11:57:45.048" endtime="20220816 11:57:45.283"/>
</kw>
<kw name="Type Text" library="Browser">
<arg>${filtBKO}</arg>
<arg>BKO</arg>
<tag>PageContent</tag>
<tag>Setter</tag>
<doc>Types the given ``txt`` into the text field found by ``selector``.</doc>
<msg timestamp="20220816 11:57:45.284" level="INFO">Types the text 'BKO' in the given field.</msg>
<status status="PASS" starttime="20220816 11:57:45.283" endtime="20220816 11:57:45.432"/>
</kw>
<kw name="Click" library="Browser">
<arg>${btnBKO}</arg>
<tag>PageContent</tag>
<tag>Setter</tag>
<doc>Simulates mouse click on the element found by ``selector``.</doc>
<status status="PASS" starttime="20220816 11:57:45.432" endtime="20220816 11:57:45.619"/>
</kw>
<status status="PASS" starttime="20220816 11:57:45.046" endtime="20220816 11:57:45.619"/>
</kw>
<kw name="Take Screenshot And Continuos Filters" library="Filters" type="TEARDOWN">
<kw name="Wait For Elements State" library="Browser">
<arg>${btnPesqSucess} &gt;&gt; text=Imóvel teste automatizado robot</arg>
<arg>visible</arg>
<arg>5</arg>
<tag>PageContent</tag>
<tag>Wait</tag>
<doc>Waits for the element found by ``selector`` to satisfy state option.</doc>
<msg timestamp="20220816 11:57:47.373" level="INFO">Waited for Element with selector xpath=//h3[@class="styles__TitleItem-sc-1hg4id7-11 kQrABm"] &gt;&gt; text=Imóvel teste automatizado robot at state visible</msg>
<status status="PASS" starttime="20220816 11:57:45.621" endtime="20220816 11:57:47.375"/>
</kw>
<kw name="Take Screenshot" library="Browser">
<tag>PageContent</tag>
<doc>Takes a screenshot of the current window or element and saves it to disk.</doc>
<msg timestamp="20220816 11:57:47.613" level="INFO" html="true">&lt;/td&gt;&lt;/tr&gt;&lt;tr&gt;&lt;td colspan="3"&gt;&lt;a href="browser/screenshot/robotframework-browser-screenshot-3.png"&gt;&lt;img src="browser/screenshot/robotframework-browser-screenshot-3.png" width="800px"&gt;&lt;/a&gt;</msg>
<status status="PASS" starttime="20220816 11:57:47.375" endtime="20220816 11:57:47.615"/>
</kw>
<status status="PASS" starttime="20220816 11:57:45.620" endtime="20220816 11:57:47.616"/>
</kw>
<status status="PASS" starttime="20220816 11:57:45.040" endtime="20220816 11:57:47.616"/>
</test>
<test id="s1-s1-s1-t4" name="Filter Price" line="27">
<kw name="Filter price: R$ 1.134.667,00 até 1.140.000,00" library="Filters">
<kw name="Click" library="Browser">
<arg>${btnFilt}</arg>
<tag>PageContent</tag>
<tag>Setter</tag>
<doc>Simulates mouse click on the element found by ``selector``.</doc>
<status status="PASS" starttime="20220816 11:57:47.770" endtime="20220816 11:57:47.894"/>
</kw>
<kw name="Type Text" library="Browser">
<arg>${txtValueInit}</arg>
<arg>113466700</arg>
<tag>PageContent</tag>
<tag>Setter</tag>
<doc>Types the given ``txt`` into the text field found by ``selector``.</doc>
<msg timestamp="20220816 11:57:47.896" level="INFO">Types the text '113466700' in the given field.</msg>
<status status="PASS" starttime="20220816 11:57:47.894" endtime="20220816 11:57:48.354"/>
</kw>
<kw name="Type Text" library="Browser">
<arg>${txtValueFinal}</arg>
<arg>114000000</arg>
<tag>PageContent</tag>
<tag>Setter</tag>
<doc>Types the given ``txt`` into the text field found by ``selector``.</doc>
<msg timestamp="20220816 11:57:48.355" level="INFO">Types the text '114000000' in the given field.</msg>
<status status="PASS" starttime="20220816 11:57:48.354" endtime="20220816 11:57:48.721"/>
</kw>
<kw name="Click" library="Browser">
<arg>${btnFilterAplicationValue}</arg>
<tag>PageContent</tag>
<tag>Setter</tag>
<doc>Simulates mouse click on the element found by ``selector``.</doc>
<status status="PASS" starttime="20220816 11:57:48.721" endtime="20220816 11:57:48.974"/>
</kw>
<status status="PASS" starttime="20220816 11:57:47.769" endtime="20220816 11:57:48.974"/>
</kw>
<kw name="Take Screenshot And Continuos Filters" library="Filters" type="TEARDOWN">
<kw name="Wait For Elements State" library="Browser">
<arg>${btnPesqSucess} &gt;&gt; text=Imóvel teste automatizado robot</arg>
<arg>visible</arg>
<arg>5</arg>
<tag>PageContent</tag>
<tag>Wait</tag>
<doc>Waits for the element found by ``selector`` to satisfy state option.</doc>
<msg timestamp="20220816 11:57:49.358" level="INFO">Waited for Element with selector xpath=//h3[@class="styles__TitleItem-sc-1hg4id7-11 kQrABm"] &gt;&gt; text=Imóvel teste automatizado robot at state visible</msg>
<status status="PASS" starttime="20220816 11:57:48.976" endtime="20220816 11:57:49.360"/>
</kw>
<kw name="Take Screenshot" library="Browser">
<tag>PageContent</tag>
<doc>Takes a screenshot of the current window or element and saves it to disk.</doc>
<msg timestamp="20220816 11:57:49.554" level="INFO" html="true">&lt;/td&gt;&lt;/tr&gt;&lt;tr&gt;&lt;td colspan="3"&gt;&lt;a href="browser/screenshot/robotframework-browser-screenshot-4.png"&gt;&lt;img src="browser/screenshot/robotframework-browser-screenshot-4.png" width="800px"&gt;&lt;/a&gt;</msg>
<status status="PASS" starttime="20220816 11:57:49.360" endtime="20220816 11:57:49.557"/>
</kw>
<status status="PASS" starttime="20220816 11:57:48.975" endtime="20220816 11:57:49.557"/>
</kw>
<status status="PASS" starttime="20220816 11:57:47.725" endtime="20220816 11:57:49.558"/>
</test>
<test id="s1-s1-s1-t5" name="Filter Status" line="32">
<kw name="Filter status: ready" library="Filters">
<kw name="Click" library="Browser">
<arg>${btnStage}</arg>
<tag>PageContent</tag>
<tag>Setter</tag>
<doc>Simulates mouse click on the element found by ``selector``.</doc>
<status status="PASS" starttime="20220816 11:57:49.633" endtime="20220816 11:57:49.821"/>
</kw>
<kw name="Click" library="Browser">
<arg>${selectStageReady}</arg>
<tag>PageContent</tag>
<tag>Setter</tag>
<doc>Simulates mouse click on the element found by ``selector``.</doc>
<status status="PASS" starttime="20220816 11:57:49.821" endtime="20220816 11:57:49.967"/>
</kw>
<kw name="Click" library="Browser">
<arg>${btnFltAplicationStage}</arg>
<tag>PageContent</tag>
<tag>Setter</tag>
<doc>Simulates mouse click on the element found by ``selector``.</doc>
<status status="PASS" starttime="20220816 11:57:49.967" endtime="20220816 11:57:50.143"/>
</kw>
<status status="PASS" starttime="20220816 11:57:49.631" endtime="20220816 11:57:50.144"/>
</kw>
<kw name="Clear Filter" library="Filters">
<kw name="Wait For Elements State" library="Browser">
<arg>${btnClear} &gt;&gt; text=Limpar Filtro</arg>
<arg>visible</arg>
<arg>10</arg>
<tag>PageContent</tag>
<tag>Wait</tag>
<doc>Waits for the element found by ``selector`` to satisfy state option.</doc>
<msg timestamp="20220816 11:57:50.161" level="INFO">Waited for Element with selector xpath=/html/body/div/div[2]/div[2]/div/div[1]/div/form/div[1]/div[2]/div[2]/button &gt;&gt; text=Limpar Filtro at state visible</msg>
<status status="PASS" starttime="20220816 11:57:50.145" endtime="20220816 11:57:50.163"/>
</kw>
<kw name="Click" library="Browser">
<arg>${btnClear}</arg>
<tag>PageContent</tag>
<tag>Setter</tag>
<doc>Simulates mouse click on the element found by ``selector``.</doc>
<status status="PASS" starttime="20220816 11:57:50.163" endtime="20220816 11:57:50.367"/>
</kw>
<status status="PASS" starttime="20220816 11:57:50.145" endtime="20220816 11:57:50.367"/>
</kw>
<kw name="Take Screenshot And Continuos Filters" library="Filters" type="TEARDOWN">
<kw name="Wait For Elements State" library="Browser">
<arg>${btnPesqSucess} &gt;&gt; text=Imóvel teste automatizado robot</arg>
<arg>visible</arg>
<arg>5</arg>
<tag>PageContent</tag>
<tag>Wait</tag>
<doc>Waits for the element found by ``selector`` to satisfy state option.</doc>
<msg timestamp="20220816 11:57:50.730" level="INFO">Waited for Element with selector xpath=//h3[@class="styles__TitleItem-sc-1hg4id7-11 kQrABm"] &gt;&gt; text=Imóvel teste automatizado robot at state visible</msg>
<status status="PASS" starttime="20220816 11:57:50.370" endtime="20220816 11:57:50.733"/>
</kw>
<kw name="Take Screenshot" library="Browser">
<tag>PageContent</tag>
<doc>Takes a screenshot of the current window or element and saves it to disk.</doc>
<msg timestamp="20220816 11:57:50.927" level="INFO" html="true">&lt;/td&gt;&lt;/tr&gt;&lt;tr&gt;&lt;td colspan="3"&gt;&lt;a href="browser/screenshot/robotframework-browser-screenshot-5.png"&gt;&lt;img src="browser/screenshot/robotframework-browser-screenshot-5.png" width="800px"&gt;&lt;/a&gt;</msg>
<status status="PASS" starttime="20220816 11:57:50.733" endtime="20220816 11:57:50.929"/>
</kw>
<status status="PASS" starttime="20220816 11:57:50.369" endtime="20220816 11:57:50.930"/>
</kw>
<status status="PASS" starttime="20220816 11:57:49.625" endtime="20220816 11:57:50.932"/>
</test>
<test id="s1-s1-s1-t6" name="Filter City" line="37">
<kw name="Filter City: São Paulo" library="Filters">
<kw name="Click" library="Browser">
<arg>${btnFltCity}</arg>
<tag>PageContent</tag>
<tag>Setter</tag>
<doc>Simulates mouse click on the element found by ``selector``.</doc>
<status status="PASS" starttime="20220816 11:57:51.015" endtime="20220816 11:57:51.186"/>
</kw>
<kw name="Click" library="Browser">
<arg>${cmbCity}</arg>
<tag>PageContent</tag>
<tag>Setter</tag>
<doc>Simulates mouse click on the element found by ``selector``.</doc>
<status status="PASS" starttime="20220816 11:57:51.187" endtime="20220816 11:57:51.259"/>
</kw>
<kw name="Click" library="Browser">
<arg>${selectSp}</arg>
<tag>PageContent</tag>
<tag>Setter</tag>
<doc>Simulates mouse click on the element found by ``selector``.</doc>
<status status="PASS" starttime="20220816 11:57:51.259" endtime="20220816 11:57:51.358"/>
</kw>
<kw name="Sleep" library="BuiltIn">
<arg>2s</arg>
<doc>Pauses the test executed for the given time.</doc>
<msg timestamp="20220816 11:57:53.366" level="INFO">Slept 2 seconds</msg>
<status status="PASS" starttime="20220816 11:57:51.359" endtime="20220816 11:57:53.368"/>
</kw>
<kw name="Click" library="Browser">
<arg>${selectSp2}</arg>
<tag>PageContent</tag>
<tag>Setter</tag>
<doc>Simulates mouse click on the element found by ``selector``.</doc>
<msg timestamp="20220816 11:58:03.644" level="INFO" html="true">&lt;/td&gt;&lt;/tr&gt;&lt;tr&gt;&lt;td colspan="3"&gt;&lt;a href="browser/screenshot/fail-screenshot-1.png"&gt;&lt;img src="browser/screenshot/fail-screenshot-1.png" width="800px"&gt;&lt;/a&gt;</msg>
<msg timestamp="20220816 11:58:03.647" level="FAIL">TimeoutError: locator.click: Timeout 10000ms exceeded.
=========================== logs ===========================
waiting for selector "xpath=/html/body/div/div[2]/div[2]/div/div[1]/div/form/div[1]/div[2]/div[1]/div[2]/div/div[1]/div[2]/button[1]"
  selector resolved to hidden &lt;button type="button" class="styles__Option-sc-mchaz2-5 …&gt;São Paulo - SP&lt;/button&gt;
attempting click action
  waiting for element to be visible, enabled and stable
    element is not visible - waiting...
============================================================
Tip: Use "Set Browser Timeout" for increasing the timeout or double check your locator as the targeted element(s) couldn't be found.</msg>
<status status="FAIL" starttime="20220816 11:57:53.368" endtime="20220816 11:58:03.653"/>
</kw>
<status status="FAIL" starttime="20220816 11:57:51.014" endtime="20220816 11:58:03.654"/>
</kw>
<kw name="Take Screenshot And Continuos Filters" library="Filters" type="TEARDOWN">
<kw name="Wait For Elements State" library="Browser">
<arg>${btnPesqSucess} &gt;&gt; text=Imóvel teste automatizado robot</arg>
<arg>visible</arg>
<arg>5</arg>
<tag>PageContent</tag>
<tag>Wait</tag>
<doc>Waits for the element found by ``selector`` to satisfy state option.</doc>
<msg timestamp="20220816 11:58:03.733" level="INFO">Waited for Element with selector xpath=//h3[@class="styles__TitleItem-sc-1hg4id7-11 kQrABm"] &gt;&gt; text=Imóvel teste automatizado robot at state visible</msg>
<status status="PASS" starttime="20220816 11:58:03.656" endtime="20220816 11:58:03.736"/>
</kw>
<kw name="Take Screenshot" library="Browser">
<tag>PageContent</tag>
<doc>Takes a screenshot of the current window or element and saves it to disk.</doc>
<msg timestamp="20220816 11:58:03.951" level="INFO" html="true">&lt;/td&gt;&lt;/tr&gt;&lt;tr&gt;&lt;td colspan="3"&gt;&lt;a href="browser/screenshot/robotframework-browser-screenshot-6.png"&gt;&lt;img src="browser/screenshot/robotframework-browser-screenshot-6.png" width="800px"&gt;&lt;/a&gt;</msg>
<status status="PASS" starttime="20220816 11:58:03.736" endtime="20220816 11:58:03.953"/>
</kw>
<status status="PASS" starttime="20220816 11:58:03.656" endtime="20220816 11:58:03.953"/>
</kw>
<status status="FAIL" starttime="20220816 11:57:51.008" endtime="20220816 11:58:03.954">TimeoutError: locator.click: Timeout 10000ms exceeded.
=========================== logs ===========================
waiting for selector "xpath=/html/body/div/div[2]/div[2]/div/div[1]/div/form/div[1]/div[2]/div[1]/div[2]/div/div[1]/div[2]/button[1]"
  selector resolved to hidden &lt;button type="button" class="styles__Option-sc-mchaz2-5 …&gt;São Paulo - SP&lt;/button&gt;
attempting click action
  waiting for element to be visible, enabled and stable
    element is not visible - waiting...
============================================================
Tip: Use "Set Browser Timeout" for increasing the timeout or double check your locator as the targeted element(s) couldn't be found.</status>
</test>
<doc>Consulta site Ao Cubo</doc>
<status status="FAIL" starttime="20220816 11:57:23.948" endtime="20220816 11:58:04.015"/>
</suite>
<status status="FAIL" starttime="20220816 11:57:23.939" endtime="20220816 11:58:04.182"/>
</suite>
<status status="FAIL" starttime="20220816 11:57:23.903" endtime="20220816 11:58:04.197"/>
</suite>
<statistics>
<total>
<stat pass="5" fail="1" skip="0">All Tests</stat>
</total>
<tag>
</tag>
<suite>
<stat pass="5" fail="1" skip="0" id="s1" name="aoCubo">aoCubo</stat>
<stat pass="5" fail="1" skip="0" id="s1-s1" name="Tests">aoCubo.Tests</stat>
<stat pass="5" fail="1" skip="0" id="s1-s1-s1" name="ConsultaAoCubo">aoCubo.Tests.ConsultaAoCubo</stat>
</suite>
</statistics>
<errors>
</errors>
</robot>
